<?xml version="1.0" encoding="UTF-8"?>
<!-- Generated by org.testng.reporters.JUnitReportReporter -->
<testsuite hostname="DESKTOP-A97EKAP" name="Academy.HomapageTest" tests="2" failures="0" timestamp="19 May 2020 15:04:51 GMT" time="102.108" errors="0">
  <testcase name="closingNewsPopup" time="90.747" classname="Academy.HomapageTest"/>
  <testcase name="closingNewsPopup" time="11.361" classname="Academy.HomapageTest"/>
</testsuite> <!-- Academy.HomapageTest -->
