<?xml version="1.0" encoding="UTF-8"?>
<!-- Generated by org.testng.reporters.JUnitReportReporter -->
<testsuite skipped="0" hostname="DESKTOP-A97EKAP" name="Academy.HomapageTest" tests="2" failures="0" timestamp="19 May 2020 09:26:18 GMT" time="73.484" errors="0">
  <testcase name="closingNewsPopup" time="10.473" classname="Academy.HomapageTest"/>
  <testcase name="closingNewsPopup" time="63.011" classname="Academy.HomapageTest"/>
</testsuite> <!-- Academy.HomapageTest -->
