<?xml version="1.0" encoding="UTF-8"?>
<!-- Generated by org.testng.reporters.JUnitReportReporter -->
<testsuite skipped="0" hostname="DESKTOP-A97EKAP" name="Academy.ValidateFeatureTitle" tests="1" failures="0" timestamp="19 May 2020 09:26:18 GMT" time="0.448" errors="0">
  <testcase name="validateTitle" time="0.448" classname="Academy.ValidateFeatureTitle"/>
</testsuite> <!-- Academy.ValidateFeatureTitle -->
